Using pre-set license
Built from '6000.0/staging' branch; Version is '6000.0.24f1 (11fa355cd605) revision 1178165'; Using compiler version '193933523'; Build Type 'Release'
OS: 'Windows 11  (10.0.22631) 64bit Enterprise' Language: 'fr' Physical Memory: 32276 MB
BatchMode: 1, IsHumanControllingUs: 0, StartBugReporterOnCrash: 0, Is64bit: 1, IsPro: 1

COMMAND LINE ARGUMENTS:
C:\Program Files\Unity\Hub\Editor\6000.0.24f1\Editor\Unity.exe
-adb2
-batchMode
-noUpm
-name
AssetImportWorker6
-projectPath
C:/Users/guingoes/Documents/VR-Spine/VR-Spine
-logFile
Logs/AssetImportWorker6.log
-srvPort
53403
-job-worker-count
10
-background-job-worker-count
8
-asset-garbage-collectors
1
Successfully changed project path to: C:/Users/guingoes/Documents/VR-Spine/VR-Spine
C:/Users/guingoes/Documents/VR-Spine/VR-Spine
[UnityMemory] Configuration Parameters - Can be set up in boot.config
    "memorysetup-bucket-allocator-granularity=16"
    "memorysetup-bucket-allocator-bucket-count=8"
    "memorysetup-bucket-allocator-block-size=33554432"
    "memorysetup-bucket-allocator-block-count=8"
    "memorysetup-main-allocator-block-size=16777216"
    "memorysetup-thread-allocator-block-size=16777216"
    "memorysetup-gfx-main-allocator-block-size=16777216"
    "memorysetup-gfx-thread-allocator-block-size=16777216"
    "memorysetup-cache-allocator-block-size=4194304"
    "memorysetup-typetree-allocator-block-size=2097152"
    "memorysetup-profiler-bucket-allocator-granularity=16"
    "memorysetup-profiler-bucket-allocator-bucket-count=8"
    "memorysetup-profiler-bucket-allocator-block-size=33554432"
    "memorysetup-profiler-bucket-allocator-block-count=8"
    "memorysetup-profiler-allocator-block-size=16777216"
    "memorysetup-profiler-editor-allocator-block-size=1048576"
    "memorysetup-temp-allocator-size-main=16777216"
    "memorysetup-job-temp-allocator-block-size=2097152"
    "memorysetup-job-temp-allocator-block-size-background=1048576"
    "memorysetup-job-temp-allocator-reduction-small-platforms=262144"
    "memorysetup-allocator-temp-initial-block-size-main=262144"
    "memorysetup-allocator-temp-initial-block-size-worker=262144"
    "memorysetup-temp-allocator-size-background-worker=32768"
    "memorysetup-temp-allocator-size-job-worker=262144"
    "memorysetup-temp-allocator-size-preload-manager=33554432"
    "memorysetup-temp-allocator-size-nav-mesh-worker=65536"
    "memorysetup-temp-allocator-size-audio-worker=65536"
    "memorysetup-temp-allocator-size-cloud-worker=32768"
    "memorysetup-temp-allocator-size-gi-baking-worker=262144"
    "memorysetup-temp-allocator-size-gi-baking-worker=262144"
    "memorysetup-temp-allocator-size-gi-baking-worker=262144"
    "memorysetup-temp-allocator-size-gi-baking-worker=262144"
    "memorysetup-temp-allocator-size-gi-baking-worker=262144"
    "memorysetup-temp-allocator-size-gfx=262144"
Player connection [34308]  Target information:

Player connection [34308]  * "[IP] 10.110.1.14 [Port] 0 [Flags] 2 [Guid] 2042766056 [EditorId] 2042766056 [Version] 1048832 [Id] WindowsEditor(7,UROU1-GUINGOES) [Debug] 1 [PackageName] WindowsEditor [ProjectName] Editor" 

Player connection [34308] Host joined multi-casting on [225.0.0.222:54997]...
Player connection [34308] Host joined alternative multi-casting on [225.0.0.222:34997]...
JobSystem: Creating JobQueue using job-worker-count value 10
[Physics::Module] Initialized fallback backend.
[Physics::Module] Id: 0xdecafbad
Library Redirect Path: Library/
[Physics::Module] Selected backend.
[Physics::Module] Name: PhysX
[Physics::Module] Id: 0xf2b8ea05
[Physics::Module] SDK Version: 4.1.2
[Physics::Module] Integration Version: 1.0.0
[Physics::Module] Threading Mode: Multi-Threaded
Refreshing native plugins compatible for Editor in 305.56 ms, found 3 plugins.
Preloading 0 native plugins for Editor in 0.00 ms.
Initialize engine version: 6000.0.24f1 (11fa355cd605)
[Subsystems] Discovering subsystems at path C:/Program Files/Unity/Hub/Editor/6000.0.24f1/Editor/Data/Resources/UnitySubsystems
[Subsystems] Discovering subsystems at path C:/Users/guingoes/Documents/VR-Spine/VR-Spine/Assets
GfxDevice: creating device client; kGfxThreadingModeNonThreaded
Direct3D:
    Version:  Direct3D 11.0 [level 11.1]
    Renderer: NVIDIA GeForce RTX 4070 Laptop GPU (ID=0x2860)
    Vendor:   NVIDIA
    VRAM:     7948 MB
    Driver:   32.0.15.6636
Shader 'SyntyStudios/SkyboxUnlit': fallback shader 'wiiu' not found
Shader 'SyntyStudios/TriplanarBasic': fallback shader 'wiiu' not found
Shader 'SyntyStudios/CloudShader': fallback shader 'wiiu' not found
Shader 'SyntyStudios/CloudShaderNoFog': fallback shader 'wiiu' not found
Shader 'SyntyStudios/Basic_LOD_Shader': fallback shader 'wiiu' not found
Shader 'SyntyStudios/SkyboxUnlitNoFog': fallback shader 'wiiu' not found
Initialize mono
Mono path[0] = 'C:/Program Files/Unity/Hub/Editor/6000.0.24f1/Editor/Data/Managed'
Mono path[1] = 'C:/Program Files/Unity/Hub/Editor/6000.0.24f1/Editor/Data/MonoBleedingEdge/lib/mono/unityjit-win32'
Mono config path = 'C:/Program Files/Unity/Hub/Editor/6000.0.24f1/Editor/Data/MonoBleedingEdge/etc'
Using monoOptions --debugger-agent=transport=dt_socket,embedding=1,server=y,suspend=n,address=127.0.0.1:56944
Begin MonoManager ReloadAssembly
Registering precompiled unity dll's ...
Register platform support module: C:/Program Files/Unity/Hub/Editor/6000.0.24f1/Editor/Data/PlaybackEngines/WindowsStandaloneSupport/UnityEditor.WindowsStandalone.Extensions.dll
Register platform support module: C:/Program Files/Unity/Hub/Editor/6000.0.24f1/Editor/Data/PlaybackEngines/MetroSupport/UnityEditor.UWP.Extensions.dll
Register platform support module: C:/Program Files/Unity/Hub/Editor/6000.0.24f1/Editor/Data/PlaybackEngines/AndroidPlayer/UnityEditor.Android.Extensions.dll
Registered in 0.746029 seconds.
- Loaded All Assemblies, in 14.433 seconds
Native extension for Android target not found
Android Extension - Scanning For ADB Devices 692 ms
Native extension for UWP target not found
Native extension for WindowsStandalone target not found
Mono: successfully reloaded assembly
- Finished resetting the current domain, in  1.113 seconds
Domain Reload Profiling: 15544ms
	BeginReloadAssembly (11085ms)
		ExecutionOrderSort (0ms)
		DisableScriptedObjects (0ms)
		BackupInstance (0ms)
		ReleaseScriptingObjects (0ms)
		CreateAndSetChildDomain (1ms)
	RebuildCommonClasses (639ms)
	RebuildNativeTypeToScriptingClass (10ms)
	initialDomainReloadingComplete (793ms)
	LoadAllAssembliesAndSetupDomain (1904ms)
		LoadAssemblies (11082ms)
		RebuildTransferFunctionScriptingTraits (0ms)
		AnalyzeDomain (1899ms)
			TypeCache.Refresh (1898ms)
				TypeCache.ScanAssembly (1552ms)
			BuildScriptInfoCaches (0ms)
			ResolveRequiredComponents (0ms)
	FinalizeReload (1114ms)
		ReleaseScriptCaches (0ms)
		RebuildScriptCaches (0ms)
		SetupLoadedEditorAssemblies (1079ms)
			LogAssemblyErrors (0ms)
			InitializePlatformSupportModulesInManaged (804ms)
			SetLoadedEditorAssemblies (4ms)
			BeforeProcessingInitializeOnLoad (7ms)
			ProcessInitializeOnLoadAttributes (178ms)
			ProcessInitializeOnLoadMethodAttributes (81ms)
			AfterProcessingInitializeOnLoad (5ms)
			EditorAssembliesLoaded (0ms)
		ExecutionOrderSort2 (0ms)
		AwakeInstancesAfterBackupRestoration (0ms)
========================================================================
Worker process is ready to serve import requests
Import Worker Mode flag is 0x00
Begin MonoManager ReloadAssembly
- Loaded All Assemblies, in 18.059 seconds
Refreshing native plugins compatible for Editor in 1.10 ms, found 3 plugins.
Native extension for Android target not found
Native extension for UWP target not found
Native extension for WindowsStandalone target not found
[MODES] ModeService[none].Initialize
[MODES] ModeService[none].LoadModes
[MODES] Loading mode Default (0) for mode-current-id-VR-Spine
<RI> Initialized touch support.
<RI> Initializing input.
New input system (experimental) initialized
Using Windows.Gaming.Input
<RI> Input initialized.
Found 0 scene poses
UnityEngine.Debug:ExtractStackTraceNoAlloc (byte*,int,string)
UnityEngine.StackTraceUtility:ExtractStackTrace ()
UnityEngine.DebugLogHandler:Internal_Log (UnityEngine.LogType,UnityEngine.LogOption,string,UnityEngine.Object)
UnityEngine.DebugLogHandler:LogFormat (UnityEngine.LogType,UnityEngine.Object,string,object[])
UnityEngine.Logger:Log (UnityEngine.LogType,object)
UnityEngine.Debug:Log (object)
Autohand.AutoHandUpdateDataWizard:FindScenePoses () (at Assets/AutoHand/Scripts/Editor/AutoHandUpdateDataWizard.cs:240)
Autohand.AutoHandUpdateDataWizard:CheckSceneForOldPoses () (at Assets/AutoHand/Scripts/Editor/AutoHandUpdateDataWizard.cs:53)
System.Reflection.RuntimeMethodInfo:Invoke (object,System.Reflection.BindingFlags,System.Reflection.Binder,object[],System.Globalization.CultureInfo)
System.Reflection.MethodBase:Invoke (object,object[])
UnityEditor.EditorAssemblies:ProcessInitializeOnLoadMethodAttributes ()

(Filename: Assets/AutoHand/Scripts/Editor/AutoHandUpdateDataWizard.cs Line: 240)

Mono: successfully reloaded assembly
- Finished resetting the current domain, in  8.588 seconds
Domain Reload Profiling: 26644ms
	BeginReloadAssembly (4354ms)
		ExecutionOrderSort (0ms)
		DisableScriptedObjects (5ms)
		BackupInstance (0ms)
		ReleaseScriptingObjects (0ms)
		CreateAndSetChildDomain (51ms)
	RebuildCommonClasses (44ms)
	RebuildNativeTypeToScriptingClass (14ms)
	initialDomainReloadingComplete (49ms)
	LoadAllAssembliesAndSetupDomain (13594ms)
		LoadAssemblies (11963ms)
		RebuildTransferFunctionScriptingTraits (0ms)
		AnalyzeDomain (1752ms)
			TypeCache.Refresh (1654ms)
				TypeCache.ScanAssembly (1563ms)
			BuildScriptInfoCaches (82ms)
			ResolveRequiredComponents (14ms)
	FinalizeReload (8589ms)
		ReleaseScriptCaches (0ms)
		RebuildScriptCaches (0ms)
		SetupLoadedEditorAssemblies (7740ms)
			LogAssemblyErrors (0ms)
			InitializePlatformSupportModulesInManaged (16ms)
			SetLoadedEditorAssemblies (4ms)
			BeforeProcessingInitializeOnLoad (77ms)
			ProcessInitializeOnLoadAttributes (554ms)
			ProcessInitializeOnLoadMethodAttributes (7081ms)
			AfterProcessingInitializeOnLoad (8ms)
			EditorAssembliesLoaded (0ms)
		ExecutionOrderSort2 (0ms)
		AwakeInstancesAfterBackupRestoration (7ms)
Shader 'SyntyStudios/CloudShader': fallback shader 'wiiu' not found
Shader 'SyntyStudios/CloudShaderNoFog': fallback shader 'wiiu' not found
Shader 'SyntyStudios/TriplanarBasic': fallback shader 'wiiu' not found
Shader 'SyntyStudios/SkyboxUnlit': fallback shader 'wiiu' not found
Shader 'SyntyStudios/Basic_LOD_Shader': fallback shader 'wiiu' not found
Shader 'SyntyStudios/SkyboxUnlitNoFog': fallback shader 'wiiu' not found
Launched and connected shader compiler UnityShaderCompiler.exe after 0.01 seconds
Refreshing native plugins compatible for Editor in 1.94 ms, found 3 plugins.
Preloading 0 native plugins for Editor in 0.00 ms.
Unloading 909 Unused Serialized files (Serialized files now loaded: 0)
Unloading 16687 unused Assets / (10.5 MB). Loaded Objects now: 6994.
Memory consumption went from 0.50 GB to 505.1 MB.
Total: 21.383400 ms (FindLiveObjects: 1.286600 ms CreateObjectMapping: 0.678700 ms MarkObjects: 7.315300 ms  DeleteObjects: 12.100700 ms)

========================================================================
Received Import Request.
  Time since last request: 90511.462778 seconds.
  path: Assets/Target Training Dummy Evolution Pack Cute Series/Target Dummy Cute Series/Prefabs/Target Dummy.prefab
  artifactKey: Guid(06d0c353705d184468955ad3c8c25874) Importer(815301076,1909f56bfc062723c751e8b465ee728b)
Start importing Assets/Target Training Dummy Evolution Pack Cute Series/Target Dummy Cute Series/Prefabs/Target Dummy.prefab using Guid(06d0c353705d184468955ad3c8c25874) Importer(815301076,1909f56bfc062723c751e8b465ee728b) (PreviewImporter) -> (artifact id: '47dfe5144a15cbea27c8622bf6ec0a3b') in 0.8520349 seconds
Number of updated asset objects reloaded before import = 0Number of asset objects unloaded after import = 151

========================================================================
Received Prepare
Begin MonoManager ReloadAssembly
- Loaded All Assemblies, in  0.809 seconds
Refreshing native plugins compatible for Editor in 0.83 ms, found 3 plugins.
Native extension for Android target not found
Native extension for UWP target not found
Native extension for WindowsStandalone target not found
[MODES] ModeService[none].Initialize
[MODES] ModeService[none].LoadModes
<RI> Initialized touch support.
Found 0 scene poses
UnityEngine.Debug:ExtractStackTraceNoAlloc (byte*,int,string)
UnityEngine.StackTraceUtility:ExtractStackTrace ()
UnityEngine.DebugLogHandler:Internal_Log (UnityEngine.LogType,UnityEngine.LogOption,string,UnityEngine.Object)
UnityEngine.DebugLogHandler:LogFormat (UnityEngine.LogType,UnityEngine.Object,string,object[])
UnityEngine.Logger:Log (UnityEngine.LogType,object)
UnityEngine.Debug:Log (object)
Autohand.AutoHandUpdateDataWizard:FindScenePoses () (at Assets/AutoHand/Scripts/Editor/AutoHandUpdateDataWizard.cs:240)
Autohand.AutoHandUpdateDataWizard:CheckSceneForOldPoses () (at Assets/AutoHand/Scripts/Editor/AutoHandUpdateDataWizard.cs:53)
System.Reflection.RuntimeMethodInfo:Invoke (object,System.Reflection.BindingFlags,System.Reflection.Binder,object[],System.Globalization.CultureInfo)
System.Reflection.MethodBase:Invoke (object,object[])
UnityEditor.EditorAssemblies:ProcessInitializeOnLoadMethodAttributes ()

(Filename: Assets/AutoHand/Scripts/Editor/AutoHandUpdateDataWizard.cs Line: 240)

Mono: successfully reloaded assembly
- Finished resetting the current domain, in  3.290 seconds
Domain Reload Profiling: 4098ms
	BeginReloadAssembly (247ms)
		ExecutionOrderSort (0ms)
		DisableScriptedObjects (20ms)
		BackupInstance (0ms)
		ReleaseScriptingObjects (0ms)
		CreateAndSetChildDomain (66ms)
	RebuildCommonClasses (36ms)
	RebuildNativeTypeToScriptingClass (16ms)
	initialDomainReloadingComplete (31ms)
	LoadAllAssembliesAndSetupDomain (476ms)
		LoadAssemblies (364ms)
		RebuildTransferFunctionScriptingTraits (0ms)
		AnalyzeDomain (220ms)
			TypeCache.Refresh (9ms)
				TypeCache.ScanAssembly (0ms)
			BuildScriptInfoCaches (196ms)
			ResolveRequiredComponents (13ms)
	FinalizeReload (3291ms)
		ReleaseScriptCaches (0ms)
		RebuildScriptCaches (0ms)
		SetupLoadedEditorAssemblies (2887ms)
			LogAssemblyErrors (0ms)
			InitializePlatformSupportModulesInManaged (14ms)
			SetLoadedEditorAssemblies (6ms)
			BeforeProcessingInitializeOnLoad (70ms)
			ProcessInitializeOnLoadAttributes (645ms)
			ProcessInitializeOnLoadMethodAttributes (2143ms)
			AfterProcessingInitializeOnLoad (9ms)
			EditorAssembliesLoaded (0ms)
		ExecutionOrderSort2 (0ms)
		AwakeInstancesAfterBackupRestoration (32ms)
Shader 'SyntyStudios/CloudShader': fallback shader 'wiiu' not found
Shader 'SyntyStudios/CloudShaderNoFog': fallback shader 'wiiu' not found
Shader 'SyntyStudios/TriplanarBasic': fallback shader 'wiiu' not found
Shader 'SyntyStudios/SkyboxUnlit': fallback shader 'wiiu' not found
Shader 'SyntyStudios/Basic_LOD_Shader': fallback shader 'wiiu' not found
Shader 'SyntyStudios/SkyboxUnlitNoFog': fallback shader 'wiiu' not found
Refreshing native plugins compatible for Editor in 1.11 ms, found 3 plugins.
Preloading 0 native plugins for Editor in 0.00 ms.
Unloading 1297 Unused Serialized files (Serialized files now loaded: 0)
Unloading 26845 unused Assets / (33.3 MB). Loaded Objects now: 7041.
Memory consumption went from 0.65 GB to 0.62 GB.
Total: 29.660500 ms (FindLiveObjects: 1.360700 ms CreateObjectMapping: 0.996400 ms MarkObjects: 5.551200 ms  DeleteObjects: 21.750600 ms)

Prepare: number of updated asset objects reloaded= 0
========================================================================
Received Import Request.
  Time since last request: 67.767239 seconds.
  path: Assets/Target Training Dummy Evolution Pack Cute Series/Target Dummy Cute Series/Prefabs/Target Dummy.prefab
  artifactKey: Guid(06d0c353705d184468955ad3c8c25874) Importer(815301076,1909f56bfc062723c751e8b465ee728b)
Start importing Assets/Target Training Dummy Evolution Pack Cute Series/Target Dummy Cute Series/Prefabs/Target Dummy.prefab using Guid(06d0c353705d184468955ad3c8c25874) Importer(815301076,1909f56bfc062723c751e8b465ee728b) (PreviewImporter) -> (artifact id: 'c9c1a15845f14eb01ec98be5574c26c5') in 0.5421799 seconds
Number of updated asset objects reloaded before import = 0Number of asset objects unloaded after import = 151

========================================================================
Received Import Request.
  Time since last request: 1.456590 seconds.
  path: Assets/Target Training Dummy Evolution Pack Cute Series/Practice Dummy Cute Series/FBX/Practice Dummy.FBX
  artifactKey: Guid(c6d2bfd0f8388dd48ade6342cb976200) Importer(815301076,1909f56bfc062723c751e8b465ee728b)
Start importing Assets/Target Training Dummy Evolution Pack Cute Series/Practice Dummy Cute Series/FBX/Practice Dummy.FBX using Guid(c6d2bfd0f8388dd48ade6342cb976200) Importer(815301076,1909f56bfc062723c751e8b465ee728b) (PreviewImporter) -> (artifact id: 'cdbb2199416c4e76c438ad698a2f3571') in 0.0980564 seconds
Number of updated asset objects reloaded before import = 0Number of asset objects unloaded after import = 46

========================================================================
Received Import Request.
  Time since last request: 0.000037 seconds.
  path: Assets/Target Training Dummy Evolution Pack Cute Series/Practice Dummy Cute Series/FBX/Practice Dummy@Head Attack.FBX
  artifactKey: Guid(e277a6b25fbebf341b7a34d98d20cab4) Importer(815301076,1909f56bfc062723c751e8b465ee728b)
Start importing Assets/Target Training Dummy Evolution Pack Cute Series/Practice Dummy Cute Series/FBX/Practice Dummy@Head Attack.FBX using Guid(e277a6b25fbebf341b7a34d98d20cab4) Importer(815301076,1909f56bfc062723c751e8b465ee728b) (PreviewImporter) -> (artifact id: 'c1e6ddb6452a6ad057213aee5c6862ff') in 0.0458298 seconds
Number of updated asset objects reloaded before import = 0Number of asset objects unloaded after import = 49

========================================================================
Received Import Request.
  Time since last request: 0.000030 seconds.
  path: Assets/Target Training Dummy Evolution Pack Cute Series/Practice Dummy Cute Series/FBX/Practice Dummy@Idle.FBX
  artifactKey: Guid(8ac07673d14b4cf48997a4d9e236c55a) Importer(815301076,1909f56bfc062723c751e8b465ee728b)
Start importing Assets/Target Training Dummy Evolution Pack Cute Series/Practice Dummy Cute Series/FBX/Practice Dummy@Idle.FBX using Guid(8ac07673d14b4cf48997a4d9e236c55a) Importer(815301076,1909f56bfc062723c751e8b465ee728b) (PreviewImporter) -> (artifact id: '36448b39959f99028e6e34a8c3107069') in 0.044202 seconds
Number of updated asset objects reloaded before import = 0Number of asset objects unloaded after import = 47

========================================================================
Received Import Request.
  Time since last request: 0.000050 seconds.
  path: Assets/Target Training Dummy Evolution Pack Cute Series/Practice Dummy Cute Series/FBX/Practice Dummy@Take Damage.FBX
  artifactKey: Guid(73ad5a7d3a9d0634e952439544cc0d66) Importer(815301076,1909f56bfc062723c751e8b465ee728b)
Start importing Assets/Target Training Dummy Evolution Pack Cute Series/Practice Dummy Cute Series/FBX/Practice Dummy@Take Damage.FBX using Guid(73ad5a7d3a9d0634e952439544cc0d66) Importer(815301076,1909f56bfc062723c751e8b465ee728b) (PreviewImporter) -> (artifact id: '718df2f8ec44234f65f5dfba54092699') in 0.0537518 seconds
Number of updated asset objects reloaded before import = 0Number of asset objects unloaded after import = 49

========================================================================
Received Import Request.
  Time since last request: 0.000029 seconds.
  path: Assets/Target Training Dummy Evolution Pack Cute Series/Practice Dummy Cute Series/FBX/Practice Dummy@Turn Left.FBX
  artifactKey: Guid(1532f351f30dace4f8368efd7a6db6ec) Importer(815301076,1909f56bfc062723c751e8b465ee728b)
Start importing Assets/Target Training Dummy Evolution Pack Cute Series/Practice Dummy Cute Series/FBX/Practice Dummy@Turn Left.FBX using Guid(1532f351f30dace4f8368efd7a6db6ec) Importer(815301076,1909f56bfc062723c751e8b465ee728b) (PreviewImporter) -> (artifact id: '4ad0aea4660ad7dbab0b040da66377d3') in 0.0499912 seconds
Number of updated asset objects reloaded before import = 0Number of asset objects unloaded after import = 49

========================================================================
Received Import Request.
  Time since last request: 0.000029 seconds.
  path: Assets/Target Training Dummy Evolution Pack Cute Series/Practice Dummy Cute Series/FBX/Practice Dummy@Die.FBX
  artifactKey: Guid(c9b3959f3f712ab4a8ad572c3a2d1ef3) Importer(815301076,1909f56bfc062723c751e8b465ee728b)
Start importing Assets/Target Training Dummy Evolution Pack Cute Series/Practice Dummy Cute Series/FBX/Practice Dummy@Die.FBX using Guid(c9b3959f3f712ab4a8ad572c3a2d1ef3) Importer(815301076,1909f56bfc062723c751e8b465ee728b) (PreviewImporter) -> (artifact id: 'f26f19ba796decd4f76bb3de5d22b8d8') in 0.0516854 seconds
Number of updated asset objects reloaded before import = 0Number of asset objects unloaded after import = 49

========================================================================
Received Import Request.
  Time since last request: 0.000031 seconds.
  path: Assets/Target Training Dummy Evolution Pack Cute Series/Practice Dummy Cute Series/FBX/Practice Dummy@Jump Forward Fast In Place.FBX
  artifactKey: Guid(c9ed3c390c9e59a4fb671074d5a7b713) Importer(815301076,1909f56bfc062723c751e8b465ee728b)
Start importing Assets/Target Training Dummy Evolution Pack Cute Series/Practice Dummy Cute Series/FBX/Practice Dummy@Jump Forward Fast In Place.FBX using Guid(c9ed3c390c9e59a4fb671074d5a7b713) Importer(815301076,1909f56bfc062723c751e8b465ee728b) (PreviewImporter) -> (artifact id: '05a77a7bd558469be74cd00059744e69') in 0.0508617 seconds
Number of updated asset objects reloaded before import = 0Number of asset objects unloaded after import = 47

========================================================================
Received Import Request.
  Time since last request: 0.000070 seconds.
  path: Assets/Target Training Dummy Evolution Pack Cute Series/Practice Dummy Cute Series/FBX/Practice Dummy@Left Punch Attack.FBX
  artifactKey: Guid(b8c13f21d0088ec4fb2e01972e2302f6) Importer(815301076,1909f56bfc062723c751e8b465ee728b)
Start importing Assets/Target Training Dummy Evolution Pack Cute Series/Practice Dummy Cute Series/FBX/Practice Dummy@Left Punch Attack.FBX using Guid(b8c13f21d0088ec4fb2e01972e2302f6) Importer(815301076,1909f56bfc062723c751e8b465ee728b) (PreviewImporter) -> (artifact id: '2b2f0967a8ff156c0a981cbbb000d80b') in 0.0512617 seconds
Number of updated asset objects reloaded before import = 0Number of asset objects unloaded after import = 49

========================================================================
Received Import Request.
  Time since last request: 0.000034 seconds.
  path: Assets/Target Training Dummy Evolution Pack Cute Series/Practice Dummy Cute Series/FBX/Practice Dummy@Right Punch Attack.FBX
  artifactKey: Guid(a868a313c0de8a74aa77c2ae72687008) Importer(815301076,1909f56bfc062723c751e8b465ee728b)
Start importing Assets/Target Training Dummy Evolution Pack Cute Series/Practice Dummy Cute Series/FBX/Practice Dummy@Right Punch Attack.FBX using Guid(a868a313c0de8a74aa77c2ae72687008) Importer(815301076,1909f56bfc062723c751e8b465ee728b) (PreviewImporter) -> (artifact id: '04ab13916da6d06a5fa8a98dcdb48eaf') in 0.0428833 seconds
Number of updated asset objects reloaded before import = 0Number of asset objects unloaded after import = 49

========================================================================
Received Import Request.
  Time since last request: 0.000028 seconds.
  path: Assets/Target Training Dummy Evolution Pack Cute Series/Practice Dummy Cute Series/FBX/Practice Dummy@Stationary.FBX
  artifactKey: Guid(80b1696ec4af5eb438f18a2d8c0846e9) Importer(815301076,1909f56bfc062723c751e8b465ee728b)
Start importing Assets/Target Training Dummy Evolution Pack Cute Series/Practice Dummy Cute Series/FBX/Practice Dummy@Stationary.FBX using Guid(80b1696ec4af5eb438f18a2d8c0846e9) Importer(815301076,1909f56bfc062723c751e8b465ee728b) (PreviewImporter) -> (artifact id: '8574f1290ff8b6e1b6bbe24c4db06a1e') in 0.0395779 seconds
Number of updated asset objects reloaded before import = 0Number of asset objects unloaded after import = 47

========================================================================
Received Import Request.
  Time since last request: 0.000036 seconds.
  path: Assets/Target Training Dummy Evolution Pack Cute Series/Practice Dummy Cute Series/FBX/Practice Dummy@Turn Right.FBX
  artifactKey: Guid(7bdd46f39ab049a458d229527840fee6) Importer(815301076,1909f56bfc062723c751e8b465ee728b)
Start importing Assets/Target Training Dummy Evolution Pack Cute Series/Practice Dummy Cute Series/FBX/Practice Dummy@Turn Right.FBX using Guid(7bdd46f39ab049a458d229527840fee6) Importer(815301076,1909f56bfc062723c751e8b465ee728b) (PreviewImporter) -> (artifact id: '935bf3643f7a07642de06fb9c8557179') in 0.0387368 seconds
Number of updated asset objects reloaded before import = 0Number of asset objects unloaded after import = 49

========================================================================
Received Import Request.
  Time since last request: 0.000041 seconds.
  path: Assets/Target Training Dummy Evolution Pack Cute Series/Practice Dummy Cute Series/FBX/Practice Dummy@Jump Forward Fast W Root.FBX
  artifactKey: Guid(ab010be890e21634c921b29ef20f0603) Importer(815301076,1909f56bfc062723c751e8b465ee728b)
Start importing Assets/Target Training Dummy Evolution Pack Cute Series/Practice Dummy Cute Series/FBX/Practice Dummy@Jump Forward Fast W Root.FBX using Guid(ab010be890e21634c921b29ef20f0603) Importer(815301076,1909f56bfc062723c751e8b465ee728b) (PreviewImporter) -> (artifact id: 'b8a7020b9e9e4ac072146df605872072') in 0.0475022 seconds
Number of updated asset objects reloaded before import = 0Number of asset objects unloaded after import = 47

========================================================================
Received Import Request.
  Time since last request: 0.000122 seconds.
  path: Assets/Target Training Dummy Evolution Pack Cute Series/Practice Dummy Cute Series/FBX/Practice Dummy@Jump Forward In Place.FBX
  artifactKey: Guid(c905c218240a0334084b50f239a202e0) Importer(815301076,1909f56bfc062723c751e8b465ee728b)
Start importing Assets/Target Training Dummy Evolution Pack Cute Series/Practice Dummy Cute Series/FBX/Practice Dummy@Jump Forward In Place.FBX using Guid(c905c218240a0334084b50f239a202e0) Importer(815301076,1909f56bfc062723c751e8b465ee728b) (PreviewImporter) -> (artifact id: '6b026aecc8eee0a5737f7f1808dd4bcd') in 0.0435758 seconds
Number of updated asset objects reloaded before import = 0Number of asset objects unloaded after import = 47

========================================================================
Received Import Request.
  Time since last request: 0.008575 seconds.
  path: Assets/Target Training Dummy Evolution Pack Cute Series/Practice Dummy Cute Series/FBX/Practice Dummy.controller
  artifactKey: Guid(82ebfadb048160f4b9dcffad8cbf62d0) Importer(815301076,1909f56bfc062723c751e8b465ee728b)
Start importing Assets/Target Training Dummy Evolution Pack Cute Series/Practice Dummy Cute Series/FBX/Practice Dummy.controller using Guid(82ebfadb048160f4b9dcffad8cbf62d0) Importer(815301076,1909f56bfc062723c751e8b465ee728b) (PreviewImporter) -> (artifact id: '115bf26e2f543f5503a280de21aaa101') in 0.0131151 seconds
Number of updated asset objects reloaded before import = 0Number of asset objects unloaded after import = 84

Editor requested this worker to shutdown with reason: Scaling down because of idle timeout
AssetImportWorker is now disconnected from the server
Process exiting
Exiting without the bug reporter. Application will terminate with return code 0